<?xml version="1.0" encoding="UTF-8" standalone="yes"?>
<ns2:test-suite start="1556190798947" stop="1556190864041" version="1.5.4" xmlns:ns2="urn:model.allure.qatools.yandex.ru">
    <name>Default Suite : afbtest</name>
    <title>Default Suite : afbtest</title>
    <test-cases>
        <test-case start="1556190799402" stop="1556190821588" status="passed">
            <name>checkUserCanTypeInEmailField[test@test.com]</name>
            <steps>
                <step start="1556190814663" stop="1556190817562" status="passed">
                    <name>clickOnHeaderGetInTouch</name>
                    <attachments/>
                    <steps/>
                </step>
                <step start="1556190817565" stop="1556190820366" status="passed">
                    <name>fillContactForm[Test Test, test@test.com, TestCompanyName, https://testcompany.com, Test Requirements]</name>
                    <attachments/>
                    <steps/>
                </step>
                <step start="1556190820368" stop="1556190820798" status="passed">
                    <name>clickOnGIT_SendButton</name>
                    <attachments/>
                    <steps/>
                </step>
                <step start="1556190820800" stop="1556190821569" status="passed">
                    <name>getGIT_SuccessText</name>
                    <attachments/>
                    <steps/>
                </step>
            </steps>
            <attachments/>
            <labels>
                <label name="testSuite" value="Default Suite"/>
                <label name="testGroup" value="afbtest"/>
                <label name="testClass" value="FinanceTest"/>
                <label name="testMethod" value="checkUserCanTypeInEmailField"/>
                <label name="host" value="Nazar"/>
                <label name="thread" value="11048@Nazar.main(1)"/>
            </labels>
        </test-case>
        <test-case start="1556190821595" stop="1556190828896" status="passed">
            <name>checkUserCanTypeInEmailField[123@123.com]</name>
            <steps>
                <step start="1556190823323" stop="1556190825754" status="passed">
                    <name>clickOnHeaderGetInTouch</name>
                    <attachments/>
                    <steps/>
                </step>
                <step start="1556190825756" stop="1556190828132" status="passed">
                    <name>fillContactForm[Test Test, 123@123.com, TestCompanyName, https://testcompany.com, Test Requirements]</name>
                    <attachments/>
                    <steps/>
                </step>
                <step start="1556190828139" stop="1556190828314" status="passed">
                    <name>clickOnGIT_SendButton</name>
                    <attachments/>
                    <steps/>
                </step>
                <step start="1556190828316" stop="1556190828896" status="passed">
                    <name>getGIT_SuccessText</name>
                    <attachments/>
                    <steps/>
                </step>
            </steps>
            <attachments/>
            <labels>
                <label name="testSuite" value="Default Suite"/>
                <label name="testGroup" value="afbtest"/>
                <label name="testClass" value="FinanceTest"/>
                <label name="testMethod" value="checkUserCanTypeInEmailField"/>
                <label name="host" value="Nazar"/>
                <label name="thread" value="11048@Nazar.main(1)"/>
            </labels>
        </test-case>
        <test-case start="1556190828898" stop="1556190836043" status="passed">
            <name>checkUserCanTypeInEmailField[test@123.com]</name>
            <steps>
                <step start="1556190830364" stop="1556190833117" status="passed">
                    <name>clickOnHeaderGetInTouch</name>
                    <attachments/>
                    <steps/>
                </step>
                <step start="1556190833119" stop="1556190835345" status="passed">
                    <name>fillContactForm[Test Test, test@123.com, TestCompanyName, https://testcompany.com, Test Requirements]</name>
                    <attachments/>
                    <steps/>
                </step>
                <step start="1556190835346" stop="1556190835512" status="passed">
                    <name>clickOnGIT_SendButton</name>
                    <attachments/>
                    <steps/>
                </step>
                <step start="1556190835514" stop="1556190836042" status="passed">
                    <name>getGIT_SuccessText</name>
                    <attachments/>
                    <steps/>
                </step>
            </steps>
            <attachments/>
            <labels>
                <label name="testSuite" value="Default Suite"/>
                <label name="testGroup" value="afbtest"/>
                <label name="testClass" value="FinanceTest"/>
                <label name="testMethod" value="checkUserCanTypeInEmailField"/>
                <label name="host" value="Nazar"/>
                <label name="thread" value="11048@Nazar.main(1)"/>
            </labels>
        </test-case>
        <test-case start="1556190836050" stop="1556190864031" status="failed">
            <name>checkUserCanTypeInEmailField[!@#$%@test.com]</name>
            <failure>
                <message>ElementNotFound: Element not found {div.contact-form__success}
Expected: visible</message>
                <stack-trace>Element not found {div.contact-form__success}
Expected: visible
Screenshot: file:/C:/Users/OYurkiv/Documents/AFBWebsiteTestProject/afbtest/build/reports/tests/1556190862482.0.png
Page source: file:/C:/Users/OYurkiv/Documents/AFBWebsiteTestProject/afbtest/build/reports/tests/1556190862482.0.html
Timeout: 20 s.
Caused by: NoSuchElementException: no such element: Unable to locate element: {"method":"css selector","selector":"div.contact-form__success"}
	at com.codeborne.selenide.impl.WebElementSource.createElementNotFoundError(WebElementSource.java:31)
	at com.codeborne.selenide.impl.ElementFinder.createElementNotFoundError(ElementFinder.java:94)
	at com.codeborne.selenide.impl.WebElementSource.checkCondition(WebElementSource.java:59)
	at com.codeborne.selenide.commands.Should.should(Should.java:35)
	at com.codeborne.selenide.commands.Should.execute(Should.java:29)
	at com.codeborne.selenide.commands.Should.execute(Should.java:12)
	at com.codeborne.selenide.commands.Commands.execute(Commands.java:144)
	at com.codeborne.selenide.impl.SelenideElementProxy.dispatchAndRetry(SelenideElementProxy.java:91)
	at com.codeborne.selenide.impl.SelenideElementProxy.invoke(SelenideElementProxy.java:66)
	at com.sun.proxy.$Proxy6.shouldBe(Unknown Source)
	at pom.AFBMainPage.getGIT_SuccessText(AFBMainPage.java:444)
	at FinanceTest.checkUserCanTypeInEmailField(FinanceTest.java:354)
	at sun.reflect.NativeMethodAccessorImpl.invoke0(Native Method)
	at sun.reflect.NativeMethodAccessorImpl.invoke(NativeMethodAccessorImpl.java:62)
	at sun.reflect.DelegatingMethodAccessorImpl.invoke(DelegatingMethodAccessorImpl.java:43)
	at java.lang.reflect.Method.invoke(Method.java:498)
	at org.testng.internal.MethodInvocationHelper.invokeMethod(MethodInvocationHelper.java:124)
	at org.testng.internal.Invoker.invokeMethod(Invoker.java:583)
	at org.testng.internal.Invoker.invokeTestMethod(Invoker.java:719)
	at org.testng.internal.Invoker.invokeTestMethods(Invoker.java:989)
	at org.testng.internal.TestMethodWorker.invokeTestMethods(TestMethodWorker.java:125)
	at org.testng.internal.TestMethodWorker.run(TestMethodWorker.java:109)
	at org.testng.TestRunner.privateRun(TestRunner.java:648)
	at org.testng.TestRunner.run(TestRunner.java:505)
	at org.testng.SuiteRunner.runTest(SuiteRunner.java:455)
	at org.testng.SuiteRunner.runSequentially(SuiteRunner.java:450)
	at org.testng.SuiteRunner.privateRun(SuiteRunner.java:415)
	at org.testng.SuiteRunner.run(SuiteRunner.java:364)
	at org.testng.SuiteRunnerWorker.runSuite(SuiteRunnerWorker.java:52)
	at org.testng.SuiteRunnerWorker.run(SuiteRunnerWorker.java:84)
	at org.testng.TestNG.runSuitesSequentially(TestNG.java:1208)
	at org.testng.TestNG.runSuitesLocally(TestNG.java:1137)
	at org.testng.TestNG.runSuites(TestNG.java:1049)
	at org.testng.TestNG.run(TestNG.java:1017)
	at org.testng.IDEARemoteTestNG.run(IDEARemoteTestNG.java:72)
	at org.testng.RemoteTestNGStarter.main(RemoteTestNGStarter.java:127)
Caused by: org.openqa.selenium.NoSuchElementException: no such element: Unable to locate element: {"method":"css selector","selector":"div.contact-form__success"}
  (Session info: chrome=73.0.3683.103)
  (Driver info: chromedriver=2.46.628402 (536cd7adbad73a3783fdc2cab92ab2ba7ec361e1),platform=Windows NT 10.0.17763 x86_64) (WARNING: The server did not provide any stacktrace information)
Command duration or timeout: 0 milliseconds
For documentation on this error, please visit: http://seleniumhq.org/exceptions/no_such_element.html
Build info: version: '3.14.0', revision: 'aacccce0', time: '2018-08-02T20:19:58.91Z'
System info: host: 'NAZAR', ip: '10.0.75.1', os.name: 'Windows 10', os.arch: 'amd64', os.version: '10.0', java.version: '1.8.0_102'
Driver info: org.openqa.selenium.chrome.ChromeDriver
Capabilities {acceptInsecureCerts: false, acceptSslCerts: false, applicationCacheEnabled: false, browserConnectionEnabled: false, browserName: chrome, chrome: {chromedriverVersion: 2.46.628402 (536cd7adbad73a..., userDataDir: C:\Users\OYurkiv\AppData\Lo...}, cssSelectorsEnabled: true, databaseEnabled: false, goog:chromeOptions: {debuggerAddress: localhost:17692}, handlesAlerts: true, hasTouchScreen: false, javascriptEnabled: true, locationContextEnabled: true, mobileEmulationEnabled: false, nativeEvents: true, networkConnectionEnabled: false, pageLoadStrategy: normal, platform: XP, platformName: XP, proxy: Proxy(), rotatable: false, setWindowRect: true, strictFileInteractability: false, takesHeapSnapshot: true, takesScreenshot: true, timeouts: {implicit: 0, pageLoad: 300000, script: 30000}, unexpectedAlertBehaviour: ignore, unhandledPromptBehavior: ignore, version: 73.0.3683.103, webStorageEnabled: true}
Session ID: 8873f805f2c11c57130c9f9cb45a233e
*** Element info: {Using=css selector, value=div.contact-form__success}
	at sun.reflect.GeneratedConstructorAccessor12.newInstance(Unknown Source)
	at sun.reflect.DelegatingConstructorAccessorImpl.newInstance(DelegatingConstructorAccessorImpl.java:45)
	at java.lang.reflect.Constructor.newInstance(Constructor.java:423)
	at org.openqa.selenium.remote.ErrorHandler.createThrowable(ErrorHandler.java:214)
	at org.openqa.selenium.remote.ErrorHandler.throwIfResponseFailed(ErrorHandler.java:166)
	at org.openqa.selenium.remote.http.JsonHttpResponseCodec.reconstructValue(JsonHttpResponseCodec.java:40)
	at org.openqa.selenium.remote.http.AbstractHttpResponseCodec.decode(AbstractHttpResponseCodec.java:80)
	at org.openqa.selenium.remote.http.AbstractHttpResponseCodec.decode(AbstractHttpResponseCodec.java:44)
	at org.openqa.selenium.remote.HttpCommandExecutor.execute(HttpCommandExecutor.java:158)
	at org.openqa.selenium.remote.service.DriverCommandExecutor.execute(DriverCommandExecutor.java:83)
	at org.openqa.selenium.remote.RemoteWebDriver.execute(RemoteWebDriver.java:548)
	at org.openqa.selenium.remote.RemoteWebDriver.findElement(RemoteWebDriver.java:322)
	at org.openqa.selenium.remote.RemoteWebDriver.findElementByCssSelector(RemoteWebDriver.java:416)
	at org.openqa.selenium.By$ByCssSelector.findElement(By.java:431)
	at org.openqa.selenium.remote.RemoteWebDriver.findElement(RemoteWebDriver.java:314)
	at com.codeborne.selenide.impl.WebElementSelector.findElement(WebElementSelector.java:29)
	at com.codeborne.selenide.impl.ElementFinder.getWebElement(ElementFinder.java:68)
	at com.codeborne.selenide.impl.WebElementSource.checkCondition(WebElementSource.java:44)
	... 33 more
</stack-trace>
            </failure>
            <steps>
                <step start="1556190837413" stop="1556190839987" status="passed">
                    <name>clickOnHeaderGetInTouch</name>
                </step>
                <step start="1556190839987" stop="1556190842159" status="passed">
                    <name>fillContactForm[Test Test, !@#$%@test.com, TestCompanyName, https://testcompany.com, Test Requirements]</name>
                </step>
                <step start="1556190842168" stop="1556190842394" status="passed">
                    <name>clickOnGIT_SendButton</name>
                </step>
                <step start="1556190842396" stop="1556190863932" status="failed">
                    <name>getGIT_SuccessText</name>
                </step>
            </steps>
            <attachments/>
            <labels>
                <label name="testSuite" value="Default Suite"/>
                <label name="testGroup" value="afbtest"/>
                <label name="testClass" value="FinanceTest"/>
                <label name="testMethod" value="checkUserCanTypeInEmailField"/>
                <label name="host" value="Nazar"/>
                <label name="thread" value="11048@Nazar.main(1)"/>
            </labels>
        </test-case>
    </test-cases>
    <labels>
        <label name="framework" value="TestNG"/>
        <label name="language" value="JAVA"/>
    </labels>
</ns2:test-suite>
